[    1019ms] [ERROR] Failed to load resource: the server responded with a status of 404 () @ https://bellsforktruckandauto.netlify.app/assets/vehicles/VEHICLE-1GCWK1EK7HF203958-01.jpg:0
[    1020ms] [ERROR] Failed to load resource: the server responded with a status of 404 () @ https://bellsforktruckandauto.netlify.app/assets/vehicles/2018-deep-ocean-blue-metallic-chevrolet-silverado-1500-02955bf-01.png:0
[    1085ms] [ERROR] Failed to load resource: the server responded with a status of 404 () @ https://bellsforktruckandauto.netlify.app/assets/vehicles/VEHICLE-1GCWK1EK7HF203958-01.png:0
[    1085ms] [ERROR] Failed to load resource: the server responded with a status of 404 () @ https://bellsforktruckandauto.netlify.app/assets/vehicles/2018-deep-ocean-blue-metallic-chevrolet-silverado-1500-02955bf-01.jpg:0
[    1434ms] [ERROR] Failed to load resource: the server responded with a status of 404 () @ https://bellsforktruckandauto.netlify.app/assets/vehicles/2018-deep-ocean-blue-metallic-chevrolet-silverado-1500-02955bf-01.jpeg:0
[    1435ms] [ERROR] Failed to load resource: the server responded with a status of 404 () @ https://bellsforktruckandauto.netlify.app/assets/vehicles/VEHICLE-1GCWK1EK7HF203958-01.jpeg:0
[    1512ms] [ERROR] Failed to load resource: the server responded with a status of 404 () @ https://bellsforktruckandauto.netlify.app/assets/vehicles/2018-deep-ocean-blue-metallic-chevrolet-silverado-1500-02955bf-01.webp:0
[    1528ms] [ERROR] Failed to load resource: the server responded with a status of 404 () @ https://bellsforktruckandauto.netlify.app/assets/vehicles/VEHICLE-1GCWK1EK7HF203958-01.webp:0
[    1576ms] [ERROR] Failed to load resource: the server responded with a status of 404 () @ https://bellsforktruckandauto.netlify.app/assets/vehicles/2018-deep-ocean-blue-metallic-chevrolet-silverado-1500-02955bf-1.png:0
[    1591ms] [ERROR] Failed to load resource: the server responded with a status of 404 () @ https://bellsforktruckandauto.netlify.app/assets/vehicles/VEHICLE-1GCWK1EK7HF203958-1.jpg:0
[    1639ms] [ERROR] Failed to load resource: the server responded with a status of 404 () @ https://bellsforktruckandauto.netlify.app/assets/vehicles/2018-deep-ocean-blue-metallic-chevrolet-silverado-1500-02955bf-1.jpg:0
[    1650ms] [ERROR] Failed to load resource: the server responded with a status of 404 () @ https://bellsforktruckandauto.netlify.app/assets/vehicles/VEHICLE-1GCWK1EK7HF203958-1.png:0
[    1709ms] [ERROR] Failed to load resource: the server responded with a status of 404 () @ https://bellsforktruckandauto.netlify.app/assets/vehicles/2018-deep-ocean-blue-metallic-chevrolet-silverado-1500-02955bf-1.jpeg:0
[    1718ms] [ERROR] Failed to load resource: the server responded with a status of 404 () @ https://bellsforktruckandauto.netlify.app/assets/vehicles/VEHICLE-1GCWK1EK7HF203958-1.jpeg:0
[    1767ms] [ERROR] Failed to load resource: the server responded with a status of 404 () @ https://bellsforktruckandauto.netlify.app/assets/vehicles/2018-deep-ocean-blue-metallic-chevrolet-silverado-1500-02955bf-1.webp:0
[    1775ms] [ERROR] Failed to load resource: the server responded with a status of 404 () @ https://bellsforktruckandauto.netlify.app/assets/vehicles/VEHICLE-1GCWK1EK7HF203958-1.webp:0
[    1836ms] [ERROR] Failed to load resource: the server responded with a status of 404 () @ https://bellsforktruckandauto.netlify.app/assets/vehicles/2018-deep-ocean-blue-metallic-chevrolet-silverado-1500-02955bf_1.png:0
[    1851ms] [ERROR] Failed to load resource: the server responded with a status of 404 () @ https://bellsforktruckandauto.netlify.app/assets/vehicles/VEHICLE-1GCWK1EK7HF203958_1.jpg:0
[    1929ms] [ERROR] Failed to load resource: the server responded with a status of 404 () @ https://bellsforktruckandauto.netlify.app/assets/vehicles/2018-deep-ocean-blue-metallic-chevrolet-silverado-1500-02955bf_1.jpg:0
[    1931ms] [ERROR] Failed to load resource: the server responded with a status of 404 () @ https://bellsforktruckandauto.netlify.app/assets/vehicles/VEHICLE-1GCWK1EK7HF203958_1.png:0
[    2015ms] [ERROR] Failed to load resource: the server responded with a status of 404 () @ https://bellsforktruckandauto.netlify.app/assets/vehicles/2018-deep-ocean-blue-metallic-chevrolet-silverado-1500-02955bf_1.jpeg:0
[    2026ms] [ERROR] Failed to load resource: the server responded with a status of 404 () @ https://bellsforktruckandauto.netlify.app/assets/vehicles/VEHICLE-1GCWK1EK7HF203958_1.jpeg:0
[    2072ms] [ERROR] Failed to load resource: the server responded with a status of 404 () @ https://bellsforktruckandauto.netlify.app/assets/vehicles/2018-deep-ocean-blue-metallic-chevrolet-silverado-1500-02955bf_1.webp:0
[    2084ms] [ERROR] Failed to load resource: the server responded with a status of 404 () @ https://bellsforktruckandauto.netlify.app/assets/vehicles/VEHICLE-1GCWK1EK7HF203958_1.webp:0
