[     203ms] [ERROR] Failed to load resource: the server responded with a status of 404 () @ https://bellsforktruckandauto.netlify.app/assets/vehicles/VEHICLE-1GCWK1EK7HF203958-01.jpg:0
[     205ms] [ERROR] Failed to load resource: the server responded with a status of 404 () @ https://bellsforktruckandauto.netlify.app/assets/vehicles/2018-deep-ocean-blue-metallic-chevrolet-silverado-1500-02955bf-01.png:0
[     212ms] [ERROR] Failed to load resource: the server responded with a status of 404 () @ https://bellsforktruckandauto.netlify.app/assets/vehicles/VEHICLE-1GCWK1EK7HF203958-01.png:0
[     214ms] [ERROR] Failed to load resource: the server responded with a status of 404 () @ https://bellsforktruckandauto.netlify.app/assets/vehicles/2018-deep-ocean-blue-metallic-chevrolet-silverado-1500-02955bf-01.jpg:0
[     228ms] [ERROR] Failed to load resource: the server responded with a status of 404 () @ https://bellsforktruckandauto.netlify.app/assets/vehicles/VEHICLE-1GCWK1EK7HF203958-01.jpeg:0
[     232ms] [ERROR] Failed to load resource: the server responded with a status of 404 () @ https://bellsforktruckandauto.netlify.app/assets/vehicles/2018-deep-ocean-blue-metallic-chevrolet-silverado-1500-02955bf-01.jpeg:0
[     236ms] [ERROR] Failed to load resource: the server responded with a status of 404 () @ https://bellsforktruckandauto.netlify.app/assets/vehicles/VEHICLE-1GCWK1EK7HF203958-01.webp:0
[     237ms] [ERROR] Failed to load resource: the server responded with a status of 404 () @ https://bellsforktruckandauto.netlify.app/assets/vehicles/2018-deep-ocean-blue-metallic-chevrolet-silverado-1500-02955bf-01.webp:0
[     241ms] [ERROR] Failed to load resource: the server responded with a status of 404 () @ https://bellsforktruckandauto.netlify.app/assets/vehicles/VEHICLE-1GCWK1EK7HF203958-1.jpg:0
[     242ms] [ERROR] Failed to load resource: the server responded with a status of 404 () @ https://bellsforktruckandauto.netlify.app/assets/vehicles/2018-deep-ocean-blue-metallic-chevrolet-silverado-1500-02955bf-1.png:0
[     247ms] [ERROR] Failed to load resource: the server responded with a status of 404 () @ https://bellsforktruckandauto.netlify.app/assets/vehicles/VEHICLE-1GCWK1EK7HF203958-1.png:0
[     248ms] [ERROR] Failed to load resource: the server responded with a status of 404 () @ https://bellsforktruckandauto.netlify.app/assets/vehicles/2018-deep-ocean-blue-metallic-chevrolet-silverado-1500-02955bf-1.jpg:0
[     255ms] [ERROR] Failed to load resource: the server responded with a status of 404 () @ https://bellsforktruckandauto.netlify.app/assets/vehicles/VEHICLE-1GCWK1EK7HF203958-1.jpeg:0
[     255ms] [ERROR] Failed to load resource: the server responded with a status of 404 () @ https://bellsforktruckandauto.netlify.app/assets/vehicles/2018-deep-ocean-blue-metallic-chevrolet-silverado-1500-02955bf-1.jpeg:0
[     261ms] [ERROR] Failed to load resource: the server responded with a status of 404 () @ https://bellsforktruckandauto.netlify.app/assets/vehicles/VEHICLE-1GCWK1EK7HF203958-1.webp:0
[     262ms] [ERROR] Failed to load resource: the server responded with a status of 404 () @ https://bellsforktruckandauto.netlify.app/assets/vehicles/2018-deep-ocean-blue-metallic-chevrolet-silverado-1500-02955bf-1.webp:0
[     266ms] [ERROR] Failed to load resource: the server responded with a status of 404 () @ https://bellsforktruckandauto.netlify.app/assets/vehicles/VEHICLE-1GCWK1EK7HF203958_1.jpg:0
[     268ms] [ERROR] Failed to load resource: the server responded with a status of 404 () @ https://bellsforktruckandauto.netlify.app/assets/vehicles/2018-deep-ocean-blue-metallic-chevrolet-silverado-1500-02955bf_1.png:0
[     272ms] [ERROR] Failed to load resource: the server responded with a status of 404 () @ https://bellsforktruckandauto.netlify.app/assets/vehicles/VEHICLE-1GCWK1EK7HF203958_1.png:0
[     274ms] [ERROR] Failed to load resource: the server responded with a status of 404 () @ https://bellsforktruckandauto.netlify.app/assets/vehicles/2018-deep-ocean-blue-metallic-chevrolet-silverado-1500-02955bf_1.jpg:0
[     277ms] [ERROR] Failed to load resource: the server responded with a status of 404 () @ https://bellsforktruckandauto.netlify.app/assets/vehicles/VEHICLE-1GCWK1EK7HF203958_1.jpeg:0
[     280ms] [ERROR] Failed to load resource: the server responded with a status of 404 () @ https://bellsforktruckandauto.netlify.app/assets/vehicles/2018-deep-ocean-blue-metallic-chevrolet-silverado-1500-02955bf_1.jpeg:0
[     283ms] [ERROR] Failed to load resource: the server responded with a status of 404 () @ https://bellsforktruckandauto.netlify.app/assets/vehicles/VEHICLE-1GCWK1EK7HF203958_1.webp:0
[     285ms] [ERROR] Failed to load resource: the server responded with a status of 404 () @ https://bellsforktruckandauto.netlify.app/assets/vehicles/2018-deep-ocean-blue-metallic-chevrolet-silverado-1500-02955bf_1.webp:0
