[     746ms] [ERROR] Failed to load resource: the server responded with a status of 404 () @ https://bellsforktruckandauto.netlify.app/assets/vehicles/VEHICLE-1GCWK1EK7HF203958-01.jpg:0
[     779ms] [ERROR] Failed to load resource: the server responded with a status of 404 () @ https://bellsforktruckandauto.netlify.app/assets/vehicles/VEHICLE-1GCWK1EK7HF203958-01.png:0
[    1151ms] [ERROR] Failed to load resource: the server responded with a status of 404 () @ https://bellsforktruckandauto.netlify.app/assets/vehicles/VEHICLE-1GCWK1EK7HF203958-01.jpeg:0
[    1152ms] [ERROR] Failed to load resource: the server responded with a status of 404 () @ https://bellsforktruckandauto.netlify.app/assets/vehicles/VEHICLE-1GNSKBKC2LR309210-01.jpg:0
[    1192ms] [ERROR] Failed to load resource: the server responded with a status of 404 () @ https://bellsforktruckandauto.netlify.app/assets/vehicles/VEHICLE-1GCWK1EK7HF203958-01.webp:0
[    1221ms] [ERROR] Failed to load resource: the server responded with a status of 404 () @ https://bellsforktruckandauto.netlify.app/assets/vehicles/VEHICLE-1GCWK1EK7HF203958-1.jpg:0
[    1236ms] [ERROR] Failed to load resource: the server responded with a status of 404 () @ https://bellsforktruckandauto.netlify.app/assets/vehicles/VEHICLE-1GCWK1EK7HF203958-1.png:0
[    1251ms] [ERROR] Failed to load resource: the server responded with a status of 404 () @ https://bellsforktruckandauto.netlify.app/assets/vehicles/VEHICLE-1GCWK1EK7HF203958-1.jpeg:0
[    1258ms] [ERROR] Failed to load resource: the server responded with a status of 404 () @ https://bellsforktruckandauto.netlify.app/assets/vehicles/VEHICLE-1GCWK1EK7HF203958-1.webp:0
[    1300ms] [ERROR] Failed to load resource: the server responded with a status of 404 () @ https://bellsforktruckandauto.netlify.app/assets/vehicles/VEHICLE-1GCWK1EK7HF203958_1.jpg:0
[    1312ms] [ERROR] Failed to load resource: the server responded with a status of 404 () @ https://bellsforktruckandauto.netlify.app/assets/vehicles/VEHICLE-1GCWK1EK7HF203958_1.png:0
[    1326ms] [ERROR] Failed to load resource: the server responded with a status of 404 () @ https://bellsforktruckandauto.netlify.app/assets/vehicles/VEHICLE-1GCWK1EK7HF203958_1.jpeg:0
[    1333ms] [ERROR] Failed to load resource: the server responded with a status of 404 () @ https://bellsforktruckandauto.netlify.app/assets/vehicles/VEHICLE-1GCWK1EK7HF203958_1.webp:0
[    1460ms] [ERROR] Failed to load resource: the server responded with a status of 404 () @ https://bellsforktruckandauto.netlify.app/assets/vehicles/VEHICLE-1GNSKBKC2LR309210-01.png:0
[    3310ms] [ERROR] Failed to load resource: the server responded with a status of 404 () @ https://bellsforktruckandauto.netlify.app/assets/vehicles/VEHICLE-1GNSKBKC2LR309210-01.jpeg:0
[    3377ms] [ERROR] Failed to load resource: the server responded with a status of 404 () @ https://bellsforktruckandauto.netlify.app/assets/vehicles/VEHICLE-1GNSKBKC2LR309210-01.webp:0
[    3438ms] [ERROR] Failed to load resource: the server responded with a status of 404 () @ https://bellsforktruckandauto.netlify.app/assets/vehicles/VEHICLE-1GNSKBKC2LR309210-1.jpg:0
[    3492ms] [ERROR] Failed to load resource: the server responded with a status of 404 () @ https://bellsforktruckandauto.netlify.app/assets/vehicles/VEHICLE-1GNSKBKC2LR309210-1.png:0
[    3558ms] [ERROR] Failed to load resource: the server responded with a status of 404 () @ https://bellsforktruckandauto.netlify.app/assets/vehicles/VEHICLE-1GNSKBKC2LR309210-1.jpeg:0
[    3610ms] [ERROR] Failed to load resource: the server responded with a status of 404 () @ https://bellsforktruckandauto.netlify.app/assets/vehicles/VEHICLE-1GNSKBKC2LR309210-1.webp:0
